<?xml version="1.0" encoding="UTF-8" ?>
<testsuite failures="0" time="0.074" errors="0" skipped="0" tests="1" name="org.projecthdata.social.api.impl.test.HDataTemplateTest">
  <properties>
    <property name="java.runtime.name" value="Java(TM) SE Runtime Environment"/>
    <property name="sun.boot.library.path" value="/System/Library/Java/JavaVirtualMachines/1.6.0.jdk/Contents/Libraries"/>
    <property name="java.vm.version" value="20.1-b02-384"/>
    <property name="awt.nativeDoubleBuffering" value="true"/>
    <property name="gopherProxySet" value="false"/>
    <property name="mrj.build" value="10M3425"/>
    <property name="java.vm.vendor" value="Apple Inc."/>
    <property name="java.vendor.url" value="http://www.apple.com/"/>
    <property name="path.separator" value=":"/>
    <property name="java.vm.name" value="Java HotSpot(TM) 64-Bit Server VM"/>
    <property name="file.encoding.pkg" value="sun.io"/>
    <property name="user.country" value="US"/>
    <property name="sun.java.launcher" value="SUN_STANDARD"/>
    <property name="sun.os.patch.level" value="unknown"/>
    <property name="java.vm.specification.name" value="Java Virtual Machine Specification"/>
    <property name="user.dir" value="/Users/elevine/Projects/spring-social-hdata"/>
    <property name="java.runtime.version" value="1.6.0_26-b03-384-10M3425"/>
    <property name="java.awt.graphicsenv" value="apple.awt.CGraphicsEnvironment"/>
    <property name="basedir" value="/Users/elevine/Projects/spring-social-hdata"/>
    <property name="java.endorsed.dirs" value="/System/Library/Java/JavaVirtualMachines/1.6.0.jdk/Contents/Home/lib/endorsed"/>
    <property name="os.arch" value="x86_64"/>
    <property name="surefire.real.class.path" value="/Users/elevine/Projects/spring-social-hdata/target/surefire/surefirebooter2128865724565648705.jar"/>
    <property name="java.io.tmpdir" value="/var/folders/tj/tjdnXRgYGU8Wxw-SGz4yjaPuQso/-Tmp-/"/>
    <property name="line.separator" value="
"/>
    <property name="java.vm.specification.vendor" value="Sun Microsystems Inc."/>
    <property name="os.name" value="Mac OS X"/>
    <property name="sun.jnu.encoding" value="MacRoman"/>
    <property name="java.library.path" value="/Applications/IntelliJ IDEA 10 CE.app/Contents/Resources/Java:/System/Library/PrivateFrameworks/JavaApplicationLauncher.framework/Resources:.:/Library/Java/Extensions:/System/Library/Java/Extensions:/usr/lib/java"/>
    <property name="surefire.test.class.path" value="/Users/elevine/Projects/spring-social-hdata/target/test-classes:/Users/elevine/Projects/spring-social-hdata/target/classes:/Users/elevine/.m2/repository/org/springframework/social/spring-social-core/1.0.0.RELEASE/spring-social-core-1.0.0.RELEASE.jar:/Users/elevine/.m2/repository/org/springframework/spring-web/3.1.0.M2/spring-web-3.1.0.M2.jar:/Users/elevine/.m2/repository/aopalliance/aopalliance/1.0/aopalliance-1.0.jar:/Users/elevine/.m2/repository/org/springframework/spring-beans/3.1.0.M2/spring-beans-3.1.0.M2.jar:/Users/elevine/.m2/repository/org/springframework/spring-context/3.1.0.M2/spring-context-3.1.0.M2.jar:/Users/elevine/.m2/repository/org/springframework/spring-aop/3.1.0.M2/spring-aop-3.1.0.M2.jar:/Users/elevine/.m2/repository/org/springframework/spring-expression/3.1.0.M2/spring-expression-3.1.0.M2.jar:/Users/elevine/.m2/repository/org/springframework/spring-asm/3.1.0.M2/spring-asm-3.1.0.M2.jar:/Users/elevine/.m2/repository/org/springframework/spring-core/3.1.0.M2/spring-core-3.1.0.M2.jar:/Users/elevine/.m2/repository/org/springframework/social/spring-social-test/1.0.0.RELEASE/spring-social-test-1.0.0.RELEASE.jar:/Users/elevine/.m2/repository/org/codehaus/jackson/jackson-mapper-asl/1.9.0/jackson-mapper-asl-1.9.0.jar:/Users/elevine/.m2/repository/org/codehaus/jackson/jackson-core-asl/1.9.0/jackson-core-asl-1.9.0.jar:/Users/elevine/.m2/repository/org/simpleframework/simple-xml/2.6.2/simple-xml-2.6.2.jar:/Users/elevine/.m2/repository/stax/stax-api/1.0.1/stax-api-1.0.1.jar:/Users/elevine/.m2/repository/stax/stax/1.2.0/stax-1.2.0.jar:/Users/elevine/.m2/repository/xpp3/xpp3/1.1.3.3/xpp3-1.1.3.3.jar:/Users/elevine/.m2/repository/joda-time/joda-time/2.0/joda-time-2.0.jar:/Users/elevine/.m2/repository/junit/junit/4.10/junit-4.10.jar:/Users/elevine/.m2/repository/org/hamcrest/hamcrest-core/1.1/hamcrest-core-1.1.jar:"/>
    <property name="java.specification.name" value="Java Platform API Specification"/>
    <property name="java.class.version" value="50.0"/>
    <property name="sun.management.compiler" value="HotSpot 64-Bit Tiered Compilers"/>
    <property name="os.version" value="10.6.8"/>
    <property name="user.home" value="/Users/elevine"/>
    <property name="user.timezone" value=""/>
    <property name="java.awt.printerjob" value="apple.awt.CPrinterJob"/>
    <property name="java.specification.version" value="1.6"/>
    <property name="file.encoding" value="MacRoman"/>
    <property name="user.name" value="elevine"/>
    <property name="java.class.path" value="/Users/elevine/Projects/spring-social-hdata/target/test-classes:/Users/elevine/Projects/spring-social-hdata/target/classes:/Users/elevine/.m2/repository/org/springframework/social/spring-social-core/1.0.0.RELEASE/spring-social-core-1.0.0.RELEASE.jar:/Users/elevine/.m2/repository/org/springframework/spring-web/3.1.0.M2/spring-web-3.1.0.M2.jar:/Users/elevine/.m2/repository/aopalliance/aopalliance/1.0/aopalliance-1.0.jar:/Users/elevine/.m2/repository/org/springframework/spring-beans/3.1.0.M2/spring-beans-3.1.0.M2.jar:/Users/elevine/.m2/repository/org/springframework/spring-context/3.1.0.M2/spring-context-3.1.0.M2.jar:/Users/elevine/.m2/repository/org/springframework/spring-aop/3.1.0.M2/spring-aop-3.1.0.M2.jar:/Users/elevine/.m2/repository/org/springframework/spring-expression/3.1.0.M2/spring-expression-3.1.0.M2.jar:/Users/elevine/.m2/repository/org/springframework/spring-asm/3.1.0.M2/spring-asm-3.1.0.M2.jar:/Users/elevine/.m2/repository/org/springframework/spring-core/3.1.0.M2/spring-core-3.1.0.M2.jar:/Users/elevine/.m2/repository/org/springframework/social/spring-social-test/1.0.0.RELEASE/spring-social-test-1.0.0.RELEASE.jar:/Users/elevine/.m2/repository/org/codehaus/jackson/jackson-mapper-asl/1.9.0/jackson-mapper-asl-1.9.0.jar:/Users/elevine/.m2/repository/org/codehaus/jackson/jackson-core-asl/1.9.0/jackson-core-asl-1.9.0.jar:/Users/elevine/.m2/repository/org/simpleframework/simple-xml/2.6.2/simple-xml-2.6.2.jar:/Users/elevine/.m2/repository/stax/stax-api/1.0.1/stax-api-1.0.1.jar:/Users/elevine/.m2/repository/stax/stax/1.2.0/stax-1.2.0.jar:/Users/elevine/.m2/repository/xpp3/xpp3/1.1.3.3/xpp3-1.1.3.3.jar:/Users/elevine/.m2/repository/joda-time/joda-time/2.0/joda-time-2.0.jar:/Users/elevine/.m2/repository/junit/junit/4.10/junit-4.10.jar:/Users/elevine/.m2/repository/org/hamcrest/hamcrest-core/1.1/hamcrest-core-1.1.jar:"/>
    <property name="java.vm.specification.version" value="1.0"/>
    <property name="sun.arch.data.model" value="64"/>
    <property name="java.home" value="/System/Library/Java/JavaVirtualMachines/1.6.0.jdk/Contents/Home"/>
    <property name="sun.java.command" value="/Users/elevine/Projects/spring-social-hdata/target/surefire/surefirebooter2128865724565648705.jar /Users/elevine/Projects/spring-social-hdata/target/surefire/surefire4132540664605657714tmp /Users/elevine/Projects/spring-social-hdata/target/surefire/surefire3413173205437324777tmp"/>
    <property name="java.specification.vendor" value="Sun Microsystems Inc."/>
    <property name="user.language" value="en"/>
    <property name="awt.toolkit" value="apple.awt.CToolkit"/>
    <property name="java.vm.info" value="mixed mode"/>
    <property name="java.version" value="1.6.0_26"/>
    <property name="java.ext.dirs" value="/Library/Java/Extensions:/System/Library/Java/Extensions:/System/Library/Java/JavaVirtualMachines/1.6.0.jdk/Contents/Home/lib/ext"/>
    <property name="sun.boot.class.path" value="/System/Library/Java/JavaVirtualMachines/1.6.0.jdk/Contents/Classes/jsfd.jar:/System/Library/Java/JavaVirtualMachines/1.6.0.jdk/Contents/Classes/classes.jar:/System/Library/Frameworks/JavaVM.framework/Frameworks/JavaRuntimeSupport.framework/Resources/Java/JavaRuntimeSupport.jar:/System/Library/Java/JavaVirtualMachines/1.6.0.jdk/Contents/Classes/ui.jar:/System/Library/Java/JavaVirtualMachines/1.6.0.jdk/Contents/Classes/laf.jar:/System/Library/Java/JavaVirtualMachines/1.6.0.jdk/Contents/Classes/sunrsasign.jar:/System/Library/Java/JavaVirtualMachines/1.6.0.jdk/Contents/Classes/jsse.jar:/System/Library/Java/JavaVirtualMachines/1.6.0.jdk/Contents/Classes/jce.jar:/System/Library/Java/JavaVirtualMachines/1.6.0.jdk/Contents/Classes/charsets.jar"/>
    <property name="java.vendor" value="Apple Inc."/>
    <property name="localRepository" value="/Users/elevine/.m2/repository"/>
    <property name="file.separator" value="/"/>
    <property name="java.vendor.url.bug" value="http://bugreport.apple.com/"/>
    <property name="sun.cpu.endian" value="little"/>
    <property name="sun.io.unicode.encoding" value="UnicodeLittle"/>
    <property name="mrj.version" value="1060.1.6.0_26-384"/>
    <property name="sun.cpu.isalist" value=""/>
  </properties>
  <testcase time="0.001" classname="org.projecthdata.social.api.impl.test.HDataTemplateTest" name="test"/>
</testsuite>